<?xml version="1.0" encoding="UTF-8"?>
<!-- Generated by org.testng.reporters.JUnitReportReporter -->
<testsuite hostname="DESKTOP-8RQD3QV" failures="0" tests="5" name="AddOneRandomItem" time="23.720" errors="0" timestamp="2024-03-10T22:21:34 EET" skipped="0">
  <testcase classname="AddOneRandomItem" name="addOneRandomItemToThecart" time="4.924"/>
  <system-out/>
  <testcase classname="AddOneRandomItem" name="addOneRandomItemToThecart" time="6.530"/>
  <system-out/>
  <testcase classname="AddOneRandomItem" name="addOneRandomItemToThecart" time="4.572"/>
  <system-out/>
  <testcase classname="AddOneRandomItem" name="addOneRandomItemToThecart" time="3.818"/>
  <system-out/>
  <testcase classname="AddOneRandomItem" name="addOneRandomItemToThecart" time="3.876"/>
  <system-out/>
</testsuite> <!-- AddOneRandomItem -->
