<?xml version="1.0" encoding="UTF-8"?>
<!-- Generated by org.testng.reporters.JUnitReportReporter -->
<testsuite hostname="DESKTOP-8RQD3QV" failures="0" tests="3" name="AddOneRandomItem" time="19.500" errors="0" timestamp="2024-03-11T22:50:49 EET" skipped="0">
  <testcase classname="AddOneRandomItem" name="addOneRandomItemToThecart" time="9.089"/>
  <system-out/>
  <testcase classname="AddOneRandomItem" name="checkoutProcess" time="6.251"/>
  <system-out/>
  <testcase classname="AddOneRandomItem" name="signupProcess" time="4.160"/>
  <system-out/>
</testsuite> <!-- AddOneRandomItem -->
